<?xml version="1.0" encoding="utf-8"?><testsuites name="pytest tests"><testsuite name="pytest" errors="0" failures="0" skipped="0" tests="9" time="2.709" timestamp="2026-09-21T01:24:41.212301+00:00" hostname="agent-env-88ff0b1a-b2d4-49e2-9366-4db3a0c56850"><testcase classname="tests.test_new_features.TestLounge" name="test_verified_gets_lounge" time="1.790" /><testcase classname="tests.test_new_features.TestConnections" name="test_self_connect_400" time="1.790" /><testcase classname="tests.test_new_features.TestLounge" name="test_unverified_locked_and_hidden" time="0.243" /><testcase classname="tests.test_new_features.TestConnections" name="test_pending_out_then_mutual_connect" time="0.485" /><testcase classname="tests.test_new_features.TestLounge" name="test_verify_flow_unlocks_lounge" time="0.260" /><testcase classname="tests.test_new_features.TestConnections" name="test_explicit_accept_and_decline_paths" time="0.013" /><testcase classname="tests.test_new_features.TestDigest" name="test_weekend_digest_shape" time="0.018" /><testcase classname="tests.test_new_features.TestReminders" name="test_reminder_window_and_dismiss" time="0.025" /><testcase classname="tests.test_new_features.TestRegression" name="test_regression_endpoints" time="0.035" /></testsuite></testsuites>