<?xml version="1.0" encoding="utf-8"?><testsuites name="pytest tests"><testsuite name="pytest" errors="0" failures="0" skipped="0" tests="17" time="2.349" timestamp="2026-09-21T01:04:09.786949+00:00" hostname="agent-env-88ff0b1a-b2d4-49e2-9366-4db3a0c56850"><testcase classname="tests.test_circle_api.TestAuth" name="test_health" time="0.005" /><testcase classname="tests.test_circle_api.TestAuth" name="test_login_demo" time="0.486" /><testcase classname="tests.test_circle_api.TestEvents" name="test_list_events" time="0.508" /><testcase classname="tests.test_circle_api.TestAuth" name="test_login_bad_pass" time="0.264" /><testcase classname="tests.test_circle_api.TestEvents" name="test_get_event" time="0.514" /><testcase classname="tests.test_circle_api.TestAuth" name="test_me" time="0.307" /><testcase classname="tests.test_circle_api.TestEvents" name="test_rsvp_flow" time="0.395" /><testcase classname="tests.test_circle_api.TestAuth" name="test_me_missing_token" time="0.042" /><testcase classname="tests.test_circle_api.TestAuth" name="test_signup_and_onboarding" time="0.394" /><testcase classname="tests.test_circle_api.TestEvents" name="test_attendees" time="0.146" /><testcase classname="tests.test_circle_api.TestMatches" name="test_matches_returns_ranked" time="0.044" /><testcase classname="tests.test_circle_api.TestOther" name="test_recommendations" time="0.042" /><testcase classname="tests.test_circle_api.TestMatches" name="test_get_user_detail" time="0.128" /><testcase classname="tests.test_circle_api.TestOther" name="test_clubs" time="0.042" /><testcase classname="tests.test_circle_api.TestOther" name="test_report" time="0.052" /><testcase classname="tests.test_circle_api.TestCircles" name="test_create_circle_and_messages" time="0.319" /><testcase classname="tests.test_circle_api.TestCircles" name="test_circles_mine" time="0.043" /></testsuite></testsuites>