<?xml version="1.0" encoding="utf-8"?><testsuites name="pytest tests"><testsuite name="pytest" errors="0" failures="0" skipped="0" tests="21" time="1.649" timestamp="2026-09-21T01:56:55.205474+00:00" hostname="agent-env-88ff0b1a-b2d4-49e2-9366-4db3a0c56850"><testcase classname="tests.test_security_hardening.TestMembershipEnforcement" name="test_group_preview_but_messages_blocked" time="0.245" /><testcase classname="tests.test_security_hardening.TestMembershipEnforcement" name="test_dm_is_private_to_third_party" time="0.471" /><testcase classname="tests.test_security_hardening.TestUploadValidation" name="test_reject_non_image" time="0.003" /><testcase classname="tests.test_security_hardening.TestUploadValidation" name="test_accept_png_and_download_with_headers" time="0.342" /><testcase classname="tests.test_security_hardening.TestUploadValidation" name="test_download_requires_auth" time="0.148" /><testcase classname="tests.test_security_hardening.TestSearchSafety" name="test_regex_literal[/api/events-(a+)+$]" time="0.003" /><testcase classname="tests.test_security_hardening.TestSearchSafety" name="test_regex_literal[/api/users-.*]" time="0.002" /><testcase classname="tests.test_security_hardening.TestSearchSafety" name="test_regex_literal[/api/recommendations-[]" time="0.002" /><testcase classname="tests.test_security_hardening.TestSearchSafety" name="test_q_too_long_422" time="0.005" /><testcase classname="tests.test_security_hardening.TestHardening" name="test_signup_short_password_422" time="0.002" /><testcase classname="tests.test_security_hardening.TestHardening" name="test_signup_valid_password_and_me" time="0.227" /><testcase classname="tests.test_security_hardening.TestHardening" name="test_message_length_cap" time="0.010" /><testcase classname="tests.test_security_hardening.TestHardening" name="test_security_headers_on_health" time="0.001" /><testcase classname="tests.test_security_hardening.TestRegression" name="test_matches" time="0.004" /><testcase classname="tests.test_security_hardening.TestRegression" name="test_events" time="0.023" /><testcase classname="tests.test_security_hardening.TestRegression" name="test_circles_mine" time="0.006" /><testcase classname="tests.test_security_hardening.TestRegression" name="test_lounge_unlocked_for_demo0" time="0.003" /><testcase classname="tests.test_security_hardening.TestRegression" name="test_digest" time="0.015" /><testcase classname="tests.test_security_hardening.TestRegression" name="test_reminders" time="0.003" /><testcase classname="tests.test_security_hardening.TestRegression" name="test_connections" time="0.003" /><testcase classname="tests.test_security_hardening.TestZZZRateLimit" name="test_login_rate_limit" time="0.050" /></testsuite></testsuites>